
Starting:    C:\Microsemi\Libero_v11.3\Synopsys\synplify_I201309MSP1\win64\mbin\synbatch.exe
Install:     C:\Microsemi\Libero_v11.3\Synopsys\synplify_I201309MSP1
Date:        Tue Sep 02 15:12:40 2014
Version:     I-2013.09M-SP1 

Arguments:   -product synplify_pro  -licensetype synplifypro_actel -batch -log synplify.log repo_test_syn.tcl
ProductType: synplify_pro

License checkout: synplifypro_actel
License: synplifypro_actel node-locked 
Licensed Vendor: actel
License Option: actel_oem

Running in Vendor Mode



Implementation not found: synthesis


log file: "C:\Actelprj\repo_test\synthesis\repo_test.srr"





Running repo_test_syn|synthesis


Running: Compile on repo_test_syn|synthesis


Running: Compile Process on repo_test_syn|synthesis


Running: Compile Input on repo_test_syn|synthesis

Copied C:\Actelprj\repo_test\synthesis\synwork\repo_test_comp.srs to C:\Actelprj\repo_test\synthesis\repo_test.srs

compiler Completed
Return Code: 0
Run Time:0h:00m:03s


Complete: Compile Process on repo_test_syn|synthesis


Running: Pre-mapping on repo_test_syn|synthesis

premap Completed with warnings
Return Code: 1
Run Time:0h:00m:03s


Complete: Compile on repo_test_syn|synthesis


Running: Map on repo_test_syn|synthesis


Running: Map & Optimize on repo_test_syn|synthesis

fpga_mapper Completed with warnings
Return Code: 1
Run Time:0h:00m:04s


Complete: Map on repo_test_syn|synthesis

Complete: Logic Synthesis on repo_test_syn|synthesis

Copied C:\Actelprj\repo_test\synthesis\repo_test.srr to C:\Actelprj\repo_test\synthesis\backup\repo_test.srr

TCL script complete: "repo_test_syn.tcl"

exit status=0


exit status=0


License checkin: synplifypro_actel

